<?xml version="1.0" encoding="UTF-8"?>
<!-- Generated by org.testng.reporters.JUnitReportReporter -->
<testsuite hostname="DESKTOP-9N3RLMN" failures="0" tests="1" name="constructors.constructors1" time="0.013" errors="0" timestamp="2024-08-24T22:02:35 IST" skipped="0">
  <testcase classname="constructors.constructors1" name="ex" time="0.013"/>
  <system-out/>
</testsuite> <!-- constructors.constructors1 -->
